[ERROR] 2023-07-12 01:23:14,798 | Mars.Core.Executor.Implementation.StepExecutionUseCase - Index was out of range. Must be non-negative and less than the size of the collection. (Parameter 'index') 
[ERROR] 2023-07-12 01:23:14,819 | Mars.Components.Starter.SimulationStarter - MARS simulation execution crashed by AggregateException 
[ERROR] 2023-07-12 01:23:14,819 | Mars.Components.Starter.SimulationStarter - Exception message: 
[ERROR] 2023-07-12 01:23:14,820 | Mars.Components.Starter.SimulationStarter - ######################################################## 
[ERROR] 2023-07-12 01:23:14,820 | Mars.Components.Starter.SimulationStarter - One or more errors occurred. (Index was out of range. Must be non-negative and less than the size of the collection. (Parameter 'index')) 
[ERROR] 2023-07-12 01:23:14,821 | Mars.Components.Starter.SimulationStarter - ######################################################## 
[ERROR] 2023-07-12 01:23:56,530 | Mars.Core.Executor.Implementation.StepExecutionUseCase - Index was out of range. Must be non-negative and less than the size of the collection. (Parameter 'index') 
[ERROR] 2023-07-12 01:23:56,546 | Mars.Components.Starter.SimulationStarter - MARS simulation execution crashed by AggregateException 
[ERROR] 2023-07-12 01:23:56,546 | Mars.Components.Starter.SimulationStarter - Exception message: 
[ERROR] 2023-07-12 01:23:56,547 | Mars.Components.Starter.SimulationStarter - ######################################################## 
[ERROR] 2023-07-12 01:23:56,548 | Mars.Components.Starter.SimulationStarter - One or more errors occurred. (Index was out of range. Must be non-negative and less than the size of the collection. (Parameter 'index')) 
[ERROR] 2023-07-12 01:23:56,551 | Mars.Components.Starter.SimulationStarter - ######################################################## 
[ERROR] 2023-07-12 03:03:35,996 | Mars.Core.Executor.Implementation.StepExecutionUseCase - Index was out of range. Must be non-negative and less than the size of the collection. (Parameter 'index') 
[ERROR] 2023-07-12 03:03:36,016 | Mars.Components.Starter.SimulationStarter - MARS simulation execution crashed by AggregateException 
[ERROR] 2023-07-12 03:03:36,017 | Mars.Components.Starter.SimulationStarter - Exception message: 
[ERROR] 2023-07-12 03:03:36,018 | Mars.Components.Starter.SimulationStarter - ######################################################## 
[ERROR] 2023-07-12 03:03:36,018 | Mars.Components.Starter.SimulationStarter - One or more errors occurred. (Index was out of range. Must be non-negative and less than the size of the collection. (Parameter 'index')) 
[ERROR] 2023-07-12 03:03:36,019 | Mars.Components.Starter.SimulationStarter - ######################################################## 
[ERROR] 2023-07-12 19:19:51,069 | Mars.Core.Executor.Implementation.StepExecutionUseCase - Index was out of range. Must be non-negative and less than the size of the collection. (Parameter 'index') 
[ERROR] 2023-07-12 19:19:51,093 | Mars.Components.Starter.SimulationStarter - MARS simulation execution crashed by AggregateException 
[ERROR] 2023-07-12 19:19:51,094 | Mars.Components.Starter.SimulationStarter - Exception message: 
[ERROR] 2023-07-12 19:19:51,095 | Mars.Components.Starter.SimulationStarter - ######################################################## 
[ERROR] 2023-07-12 19:19:51,095 | Mars.Components.Starter.SimulationStarter - One or more errors occurred. (Index was out of range. Must be non-negative and less than the size of the collection. (Parameter 'index')) 
[ERROR] 2023-07-12 19:19:51,097 | Mars.Components.Starter.SimulationStarter - ######################################################## 
[ERROR] 2023-07-13 20:11:11,872 | Mars.Components.Starter.SimulationStarter - MARS simulation execution crashed by NotImplementedException 
[ERROR] 2023-07-13 20:11:11,891 | Mars.Components.Starter.SimulationStarter - Exception message: 
[ERROR] 2023-07-13 20:11:11,892 | Mars.Components.Starter.SimulationStarter - ######################################################## 
[ERROR] 2023-07-13 20:11:11,892 | Mars.Components.Starter.SimulationStarter - The method or operation is not implemented. 
[ERROR] 2023-07-13 20:11:11,893 | Mars.Components.Starter.SimulationStarter - ######################################################## 
[ERROR] 2023-07-19 14:38:17,977 | Mars.Core.Model.Implementation.ModelBuilder - An exception was thrown while activating RefugeeSimulation.Model.Model.Refugee.RefugeeLayer -> LaserTagBox.Model.Model.Location.LocationNodes.NodeLayer. 
[ERROR] 2023-07-19 14:38:17,999 | Mars.Core.Model.Implementation.ModelBuilder - Circular component dependency detected: RefugeeSimulation.Model.Model.Refugee.RefugeeLayer -> LaserTagBox.Model.Model.Location.LocationNodes.NodeLayer -> RefugeeSimulation.Model.Model.Refugee.RefugeeLayer. 
[ERROR] 2023-07-20 00:08:33,902 | Mars.Core.Model.Implementation.ModelBuilder - An exception was thrown while activating RefugeeSimulation.Model.Model.Refugee.RefugeeLayer. 
[ERROR] 2023-07-20 00:08:33,922 | Mars.Core.Model.Implementation.ModelBuilder - None of the constructors found with 'Autofac.Core.Activators.Reflection.DefaultConstructorFinder' on type 'RefugeeSimulation.Model.Model.Refugee.RefugeeLayer' can be invoked with the available services and parameters:
Cannot resolve parameter 'LaserTagBox.Model.Model.Location.LocationNodes.IEnvironment environment' of constructor 'Void .ctor(LaserTagBox.Model.Model.Location.LocationNodes.IEnvironment)'. 
[ERROR] 2023-07-20 00:11:02,527 | Mars.Core.Model.Implementation.ModelBuilder - An exception was thrown while activating RefugeeSimulation.Model.Model.Refugee.RefugeeLayer. 
[ERROR] 2023-07-20 00:11:02,552 | Mars.Core.Model.Implementation.ModelBuilder - None of the constructors found with 'Autofac.Core.Activators.Reflection.DefaultConstructorFinder' on type 'RefugeeSimulation.Model.Model.Refugee.RefugeeLayer' can be invoked with the available services and parameters:
Cannot resolve parameter 'LaserTagBox.Model.Model.Location.LocationNodes.IEnvironment environment' of constructor 'Void .ctor(LaserTagBox.Model.Model.Location.LocationNodes.IEnvironment)'. 
[ERROR] 2023-07-20 02:57:35,297 | Mars.Core.Executor.Implementation.StepExecutionUseCase - Object reference not set to an instance of an object. 
[ERROR] 2023-07-20 02:57:35,321 | Mars.Components.Starter.SimulationStarter - MARS simulation execution crashed by AggregateException 
[ERROR] 2023-07-20 02:57:35,321 | Mars.Components.Starter.SimulationStarter - Exception message: 
[ERROR] 2023-07-20 02:57:35,322 | Mars.Components.Starter.SimulationStarter - ######################################################## 
[ERROR] 2023-07-20 02:57:35,323 | Mars.Components.Starter.SimulationStarter - One or more errors occurred. (Object reference not set to an instance of an object.) (Object reference not set to an instance of an object.) (Object reference not set to an instance of an object.) (Object reference not set to an instance of an object.) (Object reference not set to an instance of an object.) (Object reference not set to an instance of an object.) 
[ERROR] 2023-07-20 02:57:35,323 | Mars.Components.Starter.SimulationStarter - ######################################################## 
[ERROR] 2023-07-27 14:29:38,480 | Mars.Core.Executor.Implementation.StepExecutionUseCase - Destination array is not long enough to copy all the items in the collection. Check array index and length. 
[ERROR] 2023-07-27 14:29:38,497 | Mars.Components.Starter.SimulationStarter - MARS simulation execution crashed by AggregateException 
[ERROR] 2023-07-27 14:29:38,498 | Mars.Components.Starter.SimulationStarter - Exception message: 
[ERROR] 2023-07-27 14:29:38,498 | Mars.Components.Starter.SimulationStarter - ######################################################## 
[ERROR] 2023-07-27 14:29:38,499 | Mars.Components.Starter.SimulationStarter - One or more errors occurred. (Destination array is not long enough to copy all the items in the collection. Check array index and length.) (Destination array is not long enough to copy all the items in the collection. Check array index and length.) (Destination array is not long enough to copy all the items in the collection. Check array index and length.) 
[ERROR] 2023-07-27 14:29:38,499 | Mars.Components.Starter.SimulationStarter - ######################################################## 
[ERROR] 2023-07-27 14:37:44,519 | Mars.Core.Executor.Implementation.StepExecutionUseCase - Destination array is not long enough to copy all the items in the collection. Check array index and length. 
[ERROR] 2023-07-27 14:37:44,542 | Mars.Components.Starter.SimulationStarter - MARS simulation execution crashed by AggregateException 
[ERROR] 2023-07-27 14:37:44,543 | Mars.Components.Starter.SimulationStarter - Exception message: 
[ERROR] 2023-07-27 14:37:44,544 | Mars.Components.Starter.SimulationStarter - ######################################################## 
[ERROR] 2023-07-27 14:37:44,545 | Mars.Components.Starter.SimulationStarter - One or more errors occurred. (Destination array is not long enough to copy all the items in the collection. Check array index and length.) 
[ERROR] 2023-07-27 14:37:44,546 | Mars.Components.Starter.SimulationStarter - ######################################################## 
[ERROR] 2023-07-27 15:04:19,330 | Mars.Core.Executor.Implementation.StepExecutionUseCase - Destination array is not long enough to copy all the items in the collection. Check array index and length. 
[ERROR] 2023-07-27 15:04:19,348 | Mars.Components.Starter.SimulationStarter - MARS simulation execution crashed by AggregateException 
[ERROR] 2023-07-27 15:04:19,349 | Mars.Components.Starter.SimulationStarter - Exception message: 
[ERROR] 2023-07-27 15:04:19,349 | Mars.Components.Starter.SimulationStarter - ######################################################## 
[ERROR] 2023-07-27 15:04:19,350 | Mars.Components.Starter.SimulationStarter - One or more errors occurred. (Destination array is not long enough to copy all the items in the collection. Check array index and length.) 
[ERROR] 2023-07-27 15:04:19,350 | Mars.Components.Starter.SimulationStarter - ######################################################## 
[ERROR] 2023-07-27 15:08:05,839 | Mars.Core.Executor.Implementation.StepExecutionUseCase - Destination array is not long enough to copy all the items in the collection. Check array index and length. 
[ERROR] 2023-07-27 15:08:05,856 | Mars.Components.Starter.SimulationStarter - MARS simulation execution crashed by AggregateException 
[ERROR] 2023-07-27 15:08:05,863 | Mars.Components.Starter.SimulationStarter - Exception message: 
[ERROR] 2023-07-27 15:08:05,866 | Mars.Components.Starter.SimulationStarter - ######################################################## 
[ERROR] 2023-07-27 15:08:05,867 | Mars.Components.Starter.SimulationStarter - One or more errors occurred. (Destination array is not long enough to copy all the items in the collection. Check array index and length.) (Destination array is not long enough to copy all the items in the collection. Check array index and length.) (Destination array is not long enough to copy all the items in the collection. Check array index and length.) (Destination array is not long enough to copy all the items in the collection. Check array index and length.) 
[ERROR] 2023-07-27 15:08:05,867 | Mars.Components.Starter.SimulationStarter - ######################################################## 
[ERROR] 2023-07-27 17:10:01,698 | Mars.Core.Executor.Implementation.StepExecutionUseCase - Destination array is not long enough to copy all the items in the collection. Check array index and length. 
[ERROR] 2023-07-27 17:10:01,735 | Mars.Components.Starter.SimulationStarter - MARS simulation execution crashed by AggregateException 
[ERROR] 2023-07-27 17:10:01,735 | Mars.Components.Starter.SimulationStarter - Exception message: 
[ERROR] 2023-07-27 17:10:01,736 | Mars.Components.Starter.SimulationStarter - ######################################################## 
[ERROR] 2023-07-27 17:10:01,737 | Mars.Components.Starter.SimulationStarter - One or more errors occurred. (Destination array is not long enough to copy all the items in the collection. Check array index and length.) 
[ERROR] 2023-07-27 17:10:01,737 | Mars.Components.Starter.SimulationStarter - ######################################################## 
[ERROR] 2023-08-02 12:35:29,155 | Mars.Components.Starter.SimulationStarter - MARS simulation execution crashed by ArgumentException 
[ERROR] 2023-08-02 12:35:29,174 | Mars.Components.Starter.SimulationStarter - Exception message: 
[ERROR] 2023-08-02 12:35:29,175 | Mars.Components.Starter.SimulationStarter - ######################################################## 
[ERROR] 2023-08-02 12:35:29,177 | Mars.Components.Starter.SimulationStarter - The location A'rima  cannot be found in the system. 
[ERROR] 2023-08-02 12:35:29,177 | Mars.Components.Starter.SimulationStarter - ######################################################## 
[ERROR] 2023-08-02 12:59:39,332 | Mars.Components.Starter.SimulationStarter - MARS simulation execution crashed by IOException 
[ERROR] 2023-08-02 12:59:39,350 | Mars.Components.Starter.SimulationStarter - Exception message: 
[ERROR] 2023-08-02 12:59:39,351 | Mars.Components.Starter.SimulationStarter - ######################################################## 
[ERROR] 2023-08-02 12:59:39,352 | Mars.Components.Starter.SimulationStarter - The process cannot access the file 'C:\Users\vivia\mars\RefugeeSimulationSolution\RefugeeSimulation\trips.geojson' because it is being used by another process. 
[ERROR] 2023-08-02 12:59:39,352 | Mars.Components.Starter.SimulationStarter - ######################################################## 
[ERROR] 2023-08-12 02:29:43,277 | Mars.Components.Starter.SimulationStarter - MARS simulation execution crashed by ArgumentException 
[ERROR] 2023-08-12 02:29:43,287 | Mars.Components.Starter.SimulationStarter - Exception message: 
[ERROR] 2023-08-12 02:29:43,288 | Mars.Components.Starter.SimulationStarter - ######################################################## 
[ERROR] 2023-08-12 02:29:43,289 | Mars.Components.Starter.SimulationStarter - The location YAYLADAGI  cannot be found in the system. 
[ERROR] 2023-08-12 02:29:43,290 | Mars.Components.Starter.SimulationStarter - ######################################################## 
[ERROR] 2023-08-12 17:45:16,111 | Mars.Components.Starter.SimulationStarter - MARS simulation execution crashed by InvalidOperationException 
[ERROR] 2023-08-12 17:45:16,145 | Mars.Components.Starter.SimulationStarter - Exception message: 
[ERROR] 2023-08-12 17:45:16,146 | Mars.Components.Starter.SimulationStarter - ######################################################## 
[ERROR] 2023-08-12 17:45:16,146 | Mars.Components.Starter.SimulationStarter - Start may not be called on a task that has completed. 
[ERROR] 2023-08-12 17:45:16,147 | Mars.Components.Starter.SimulationStarter - ######################################################## 
